This is pdfTeX, Version 3.14159265-2.6-1.40.18 (TeX Live 2017) (preloaded format=latex 2017.10.17)  26 FEB 2018 09:50
entering extended mode
 restricted \write18 enabled.
 file:line:error style messages enabled.
 %&-line parsing enabled.
**Masterthesis.tex
(./Masterthesis.tex
LaTeX2e <2017-04-15>
Babel <3.10> and hyphenation patterns for 84 language(s) loaded.
(/usr/local/texlive/2017/texmf-dist/tex/latex/koma-script/scrartcl.cls
Document Class: scrartcl 2017/04/13 v3.23 KOMA-Script document class (article)
(/usr/local/texlive/2017/texmf-dist/tex/latex/koma-script/scrkbase.sty
Package: scrkbase 2017/04/13 v3.23 KOMA-Script package (KOMA-Script-dependent b
asics and keyval usage)

(/usr/local/texlive/2017/texmf-dist/tex/latex/koma-script/scrbase.sty
Package: scrbase 2017/04/13 v3.23 KOMA-Script package (KOMA-Script-independent 
basics and keyval usage)

(/usr/local/texlive/2017/texmf-dist/tex/latex/graphics/keyval.sty
Package: keyval 2014/10/28 v1.15 key=value parser (DPC)
\KV@toks@=\toks14
)
(/usr/local/texlive/2017/texmf-dist/tex/latex/koma-script/scrlfile.sty
Package: scrlfile 2017/04/13 v3.23 KOMA-Script package (loading files)

Package scrlfile, 2017/04/13 v3.23 KOMA-Script package (loading files)
                  Copyright (C) Markus Kohm

))) (/usr/local/texlive/2017/texmf-dist/tex/latex/koma-script/tocbasic.sty
Package: tocbasic 2017/04/13 v3.23 KOMA-Script package (handling toc-files)
\scr@dte@tocline@numberwidth=\skip41
\scr@dte@tocline@numbox=\box26
)
Package tocbasic Info: omitting babel extension for `toc'
(tocbasic)             because of feature `nobabel' available
(tocbasic)             for `toc' on input line 131.
Package tocbasic Info: omitting babel extension for `lof'
(tocbasic)             because of feature `nobabel' available
(tocbasic)             for `lof' on input line 133.
Package tocbasic Info: omitting babel extension for `lot'
(tocbasic)             because of feature `nobabel' available
(tocbasic)             for `lot' on input line 134.
Package scrartcl Info: You've used standard option `12pt'.
(scrartcl)             This is correct!
(scrartcl)             Internally I'm using `fontsize=12pt'.
(scrartcl)             If you'd like to set the option with \KOMAoptions,
(scrartcl)             you'd have to use `fontsize=12pt' there
(scrartcl)             instead of `12pt', too.
Class scrartcl Info: File `scrsize12pt.clo' used to setup font sizes on input l
ine 2059.

(/usr/local/texlive/2017/texmf-dist/tex/latex/koma-script/scrsize12pt.clo
File: scrsize12pt.clo 2017/04/13 v3.23 KOMA-Script font size class option (12pt
)
)
(/usr/local/texlive/2017/texmf-dist/tex/latex/koma-script/typearea.sty
Package: typearea 2017/04/13 v3.23 KOMA-Script package (type area)
\ta@bcor=\skip42
\ta@div=\count79
Package typearea Info: You've used standard option `a4paper'.
(typearea)             This is correct!
(typearea)             Internally I'm using `paper=a4'.
(typearea)             If you'd like to set the option with \KOMAoptions,
(typearea)             you'd have to use `paper=a4' there
(typearea)             instead of `a4paper', too.
\ta@hblk=\skip43
\ta@vblk=\skip44
\ta@temp=\skip45
\footheight=\skip46
Package typearea Info: These are the values describing the layout:
(typearea)             DIV  = 12
(typearea)             BCOR = 0.0pt
(typearea)             \paperwidth      = 597.50793pt
(typearea)              \textwidth      = 448.13095pt
(typearea)              DIV departure   = -6%
(typearea)              \evensidemargin = 2.4185pt
(typearea)              \oddsidemargin  = 2.4185pt
(typearea)             \paperheight     = 845.04694pt
(typearea)              \textheight     = 635.5pt
(typearea)              \topmargin      = -41.72441pt
(typearea)              \headheight     = 18.125pt
(typearea)              \headsep        = 21.75pt
(typearea)              \topskip        = 12.0pt
(typearea)              \footskip       = 50.75pt
(typearea)              \baselineskip   = 14.5pt
(typearea)              on input line 1647.
)
\c@part=\count80
\c@section=\count81
\c@subsection=\count82
\c@subsubsection=\count83
\c@paragraph=\count84
\c@subparagraph=\count85
\scr@dte@part@maxnumwidth=\skip47
\scr@dte@section@maxnumwidth=\skip48
\scr@dte@subsection@maxnumwidth=\skip49
\scr@dte@subsubsection@maxnumwidth=\skip50
\scr@dte@paragraph@maxnumwidth=\skip51
\scr@dte@subparagraph@maxnumwidth=\skip52
LaTeX Info: Redefining \textsubscript on input line 4094.
\abovecaptionskip=\skip53
\belowcaptionskip=\skip54
\c@pti@nb@sid@b@x=\box27
\c@figure=\count86
\c@table=\count87
Class scrartcl Info: Redefining `\numberline' on input line 5233.
\bibindent=\dimen102
)
(/usr/local/texlive/2017/texmf-dist/tex/latex/base/inputenc.sty
Package: inputenc 2015/03/17 v1.2c Input encoding file
\inpenc@prehook=\toks15
\inpenc@posthook=\toks16

(/usr/local/texlive/2017/texmf-dist/tex/latex/base/utf8.def
File: utf8.def 2017/01/28 v1.1t UTF-8 support for inputenc
Now handling font encoding OML ...
... no UTF-8 mapping file for font encoding OML
Now handling font encoding T1 ...
... processing UTF-8 mapping file for font encoding T1

(/usr/local/texlive/2017/texmf-dist/tex/latex/base/t1enc.dfu
File: t1enc.dfu 2017/01/28 v1.1t UTF-8 support for inputenc
   defining Unicode char U+00A0 (decimal 160)
   defining Unicode char U+00A1 (decimal 161)
   defining Unicode char U+00A3 (decimal 163)
   defining Unicode char U+00AB (decimal 171)
   defining Unicode char U+00AD (decimal 173)
   defining Unicode char U+00BB (decimal 187)
   defining Unicode char U+00BF (decimal 191)
   defining Unicode char U+00C0 (decimal 192)
   defining Unicode char U+00C1 (decimal 193)
   defining Unicode char U+00C2 (decimal 194)
   defining Unicode char U+00C3 (decimal 195)
   defining Unicode char U+00C4 (decimal 196)
   defining Unicode char U+00C5 (decimal 197)
   defining Unicode char U+00C6 (decimal 198)
   defining Unicode char U+00C7 (decimal 199)
   defining Unicode char U+00C8 (decimal 200)
   defining Unicode char U+00C9 (decimal 201)
   defining Unicode char U+00CA (decimal 202)
   defining Unicode char U+00CB (decimal 203)
   defining Unicode char U+00CC (decimal 204)
   defining Unicode char U+00CD (decimal 205)
   defining Unicode char U+00CE (decimal 206)
   defining Unicode char U+00CF (decimal 207)
   defining Unicode char U+00D0 (decimal 208)
   defining Unicode char U+00D1 (decimal 209)
   defining Unicode char U+00D2 (decimal 210)
   defining Unicode char U+00D3 (decimal 211)
   defining Unicode char U+00D4 (decimal 212)
   defining Unicode char U+00D5 (decimal 213)
   defining Unicode char U+00D6 (decimal 214)
   defining Unicode char U+00D8 (decimal 216)
   defining Unicode char U+00D9 (decimal 217)
   defining Unicode char U+00DA (decimal 218)
   defining Unicode char U+00DB (decimal 219)
   defining Unicode char U+00DC (decimal 220)
   defining Unicode char U+00DD (decimal 221)
   defining Unicode char U+00DE (decimal 222)
   defining Unicode char U+00DF (decimal 223)
   defining Unicode char U+00E0 (decimal 224)
   defining Unicode char U+00E1 (decimal 225)
   defining Unicode char U+00E2 (decimal 226)
   defining Unicode char U+00E3 (decimal 227)
   defining Unicode char U+00E4 (decimal 228)
   defining Unicode char U+00E5 (decimal 229)
   defining Unicode char U+00E6 (decimal 230)
   defining Unicode char U+00E7 (decimal 231)
   defining Unicode char U+00E8 (decimal 232)
   defining Unicode char U+00E9 (decimal 233)
   defining Unicode char U+00EA (decimal 234)
   defining Unicode char U+00EB (decimal 235)
   defining Unicode char U+00EC (decimal 236)
   defining Unicode char U+00ED (decimal 237)
   defining Unicode char U+00EE (decimal 238)
   defining Unicode char U+00EF (decimal 239)
   defining Unicode char U+00F0 (decimal 240)
   defining Unicode char U+00F1 (decimal 241)
   defining Unicode char U+00F2 (decimal 242)
   defining Unicode char U+00F3 (decimal 243)
   defining Unicode char U+00F4 (decimal 244)
   defining Unicode char U+00F5 (decimal 245)
   defining Unicode char U+00F6 (decimal 246)
   defining Unicode char U+00F8 (decimal 248)
   defining Unicode char U+00F9 (decimal 249)
   defining Unicode char U+00FA (decimal 250)
   defining Unicode char U+00FB (decimal 251)
   defining Unicode char U+00FC (decimal 252)
   defining Unicode char U+00FD (decimal 253)
   defining Unicode char U+00FE (decimal 254)
   defining Unicode char U+00FF (decimal 255)
   defining Unicode char U+0100 (decimal 256)
   defining Unicode char U+0101 (decimal 257)
   defining Unicode char U+0102 (decimal 258)
   defining Unicode char U+0103 (decimal 259)
   defining Unicode char U+0104 (decimal 260)
   defining Unicode char U+0105 (decimal 261)
   defining Unicode char U+0106 (decimal 262)
   defining Unicode char U+0107 (decimal 263)
   defining Unicode char U+0108 (decimal 264)
   defining Unicode char U+0109 (decimal 265)
   defining Unicode char U+010A (decimal 266)
   defining Unicode char U+010B (decimal 267)
   defining Unicode char U+010C (decimal 268)
   defining Unicode char U+010D (decimal 269)
   defining Unicode char U+010E (decimal 270)
   defining Unicode char U+010F (decimal 271)
   defining Unicode char U+0110 (decimal 272)
   defining Unicode char U+0111 (decimal 273)
   defining Unicode char U+0112 (decimal 274)
   defining Unicode char U+0113 (decimal 275)
   defining Unicode char U+0114 (decimal 276)
   defining Unicode char U+0115 (decimal 277)
   defining Unicode char U+0116 (decimal 278)
   defining Unicode char U+0117 (decimal 279)
   defining Unicode char U+0118 (decimal 280)
   defining Unicode char U+0119 (decimal 281)
   defining Unicode char U+011A (decimal 282)
   defining Unicode char U+011B (decimal 283)
   defining Unicode char U+011C (decimal 284)
   defining Unicode char U+011D (decimal 285)
   defining Unicode char U+011E (decimal 286)
   defining Unicode char U+011F (decimal 287)
   defining Unicode char U+0120 (decimal 288)
   defining Unicode char U+0121 (decimal 289)
   defining Unicode char U+0122 (decimal 290)
   defining Unicode char U+0123 (decimal 291)
   defining Unicode char U+0124 (decimal 292)
   defining Unicode char U+0125 (decimal 293)
   defining Unicode char U+0128 (decimal 296)
   defining Unicode char U+0129 (decimal 297)
   defining Unicode char U+012A (decimal 298)
   defining Unicode char U+012B (decimal 299)
   defining Unicode char U+012C (decimal 300)
   defining Unicode char U+012D (decimal 301)
   defining Unicode char U+012E (decimal 302)
   defining Unicode char U+012F (decimal 303)
   defining Unicode char U+0130 (decimal 304)
   defining Unicode char U+0131 (decimal 305)
   defining Unicode char U+0132 (decimal 306)
   defining Unicode char U+0133 (decimal 307)
   defining Unicode char U+0134 (decimal 308)
   defining Unicode char U+0135 (decimal 309)
   defining Unicode char U+0136 (decimal 310)
   defining Unicode char U+0137 (decimal 311)
   defining Unicode char U+0139 (decimal 313)
   defining Unicode char U+013A (decimal 314)
   defining Unicode char U+013B (decimal 315)
   defining Unicode char U+013C (decimal 316)
   defining Unicode char U+013D (decimal 317)
   defining Unicode char U+013E (decimal 318)
   defining Unicode char U+0141 (decimal 321)
   defining Unicode char U+0142 (decimal 322)
   defining Unicode char U+0143 (decimal 323)
   defining Unicode char U+0144 (decimal 324)
   defining Unicode char U+0145 (decimal 325)
   defining Unicode char U+0146 (decimal 326)
   defining Unicode char U+0147 (decimal 327)
   defining Unicode char U+0148 (decimal 328)
   defining Unicode char U+014A (decimal 330)
   defining Unicode char U+014B (decimal 331)
   defining Unicode char U+014C (decimal 332)
   defining Unicode char U+014D (decimal 333)
   defining Unicode char U+014E (decimal 334)
   defining Unicode char U+014F (decimal 335)
   defining Unicode char U+0150 (decimal 336)
   defining Unicode char U+0151 (decimal 337)
   defining Unicode char U+0152 (decimal 338)
   defining Unicode char U+0153 (decimal 339)
   defining Unicode char U+0154 (decimal 340)
   defining Unicode char U+0155 (decimal 341)
   defining Unicode char U+0156 (decimal 342)
   defining Unicode char U+0157 (decimal 343)
   defining Unicode char U+0158 (decimal 344)
   defining Unicode char U+0159 (decimal 345)
   defining Unicode char U+015A (decimal 346)
   defining Unicode char U+015B (decimal 347)
   defining Unicode char U+015C (decimal 348)
   defining Unicode char U+015D (decimal 349)
   defining Unicode char U+015E (decimal 350)
   defining Unicode char U+015F (decimal 351)
   defining Unicode char U+0160 (decimal 352)
   defining Unicode char U+0161 (decimal 353)
   defining Unicode char U+0162 (decimal 354)
   defining Unicode char U+0163 (decimal 355)
   defining Unicode char U+0164 (decimal 356)
   defining Unicode char U+0165 (decimal 357)
   defining Unicode char U+0168 (decimal 360)
   defining Unicode char U+0169 (decimal 361)
   defining Unicode char U+016A (decimal 362)
   defining Unicode char U+016B (decimal 363)
   defining Unicode char U+016C (decimal 364)
   defining Unicode char U+016D (decimal 365)
   defining Unicode char U+016E (decimal 366)
   defining Unicode char U+016F (decimal 367)
   defining Unicode char U+0170 (decimal 368)
   defining Unicode char U+0171 (decimal 369)
   defining Unicode char U+0172 (decimal 370)
   defining Unicode char U+0173 (decimal 371)
   defining Unicode char U+0174 (decimal 372)
   defining Unicode char U+0175 (decimal 373)
   defining Unicode char U+0176 (decimal 374)
   defining Unicode char U+0177 (decimal 375)
   defining Unicode char U+0178 (decimal 376)
   defining Unicode char U+0179 (decimal 377)
   defining Unicode char U+017A (decimal 378)
   defining Unicode char U+017B (decimal 379)
   defining Unicode char U+017C (decimal 380)
   defining Unicode char U+017D (decimal 381)
   defining Unicode char U+017E (decimal 382)
   defining Unicode char U+01CD (decimal 461)
   defining Unicode char U+01CE (decimal 462)
   defining Unicode char U+01CF (decimal 463)
   defining Unicode char U+01D0 (decimal 464)
   defining Unicode char U+01D1 (decimal 465)
   defining Unicode char U+01D2 (decimal 466)
   defining Unicode char U+01D3 (decimal 467)
   defining Unicode char U+01D4 (decimal 468)
   defining Unicode char U+01E2 (decimal 482)
   defining Unicode char U+01E3 (decimal 483)
   defining Unicode char U+01E6 (decimal 486)
   defining Unicode char U+01E7 (decimal 487)
   defining Unicode char U+01E8 (decimal 488)
   defining Unicode char U+01E9 (decimal 489)
   defining Unicode char U+01EA (decimal 490)
   defining Unicode char U+01EB (decimal 491)
   defining Unicode char U+01F0 (decimal 496)
   defining Unicode char U+01F4 (decimal 500)
   defining Unicode char U+01F5 (decimal 501)
   defining Unicode char U+0218 (decimal 536)
   defining Unicode char U+0219 (decimal 537)
   defining Unicode char U+021A (decimal 538)
   defining Unicode char U+021B (decimal 539)
   defining Unicode char U+0232 (decimal 562)
   defining Unicode char U+0233 (decimal 563)
   defining Unicode char U+1E02 (decimal 7682)
   defining Unicode char U+1E03 (decimal 7683)
   defining Unicode char U+200C (decimal 8204)
   defining Unicode char U+2010 (decimal 8208)
   defining Unicode char U+2011 (decimal 8209)
   defining Unicode char U+2012 (decimal 8210)
   defining Unicode char U+2013 (decimal 8211)
   defining Unicode char U+2014 (decimal 8212)
   defining Unicode char U+2015 (decimal 8213)
   defining Unicode char U+2018 (decimal 8216)
   defining Unicode char U+2019 (decimal 8217)
   defining Unicode char U+201A (decimal 8218)
   defining Unicode char U+201C (decimal 8220)
   defining Unicode char U+201D (decimal 8221)
   defining Unicode char U+201E (decimal 8222)
   defining Unicode char U+2030 (decimal 8240)
   defining Unicode char U+2031 (decimal 8241)
   defining Unicode char U+2039 (decimal 8249)
   defining Unicode char U+203A (decimal 8250)
   defining Unicode char U+2423 (decimal 9251)
   defining Unicode char U+1E20 (decimal 7712)
   defining Unicode char U+1E21 (decimal 7713)
)
Now handling font encoding OT1 ...
... processing UTF-8 mapping file for font encoding OT1

(/usr/local/texlive/2017/texmf-dist/tex/latex/base/ot1enc.dfu
File: ot1enc.dfu 2017/01/28 v1.1t UTF-8 support for inputenc
   defining Unicode char U+00A0 (decimal 160)
   defining Unicode char U+00A1 (decimal 161)
   defining Unicode char U+00A3 (decimal 163)
   defining Unicode char U+00AD (decimal 173)
   defining Unicode char U+00B8 (decimal 184)
   defining Unicode char U+00BF (decimal 191)
   defining Unicode char U+00C5 (decimal 197)
   defining Unicode char U+00C6 (decimal 198)
   defining Unicode char U+00D8 (decimal 216)
   defining Unicode char U+00DF (decimal 223)
   defining Unicode char U+00E6 (decimal 230)
   defining Unicode char U+00EC (decimal 236)
   defining Unicode char U+00ED (decimal 237)
   defining Unicode char U+00EE (decimal 238)
   defining Unicode char U+00EF (decimal 239)
   defining Unicode char U+00F8 (decimal 248)
   defining Unicode char U+0131 (decimal 305)
   defining Unicode char U+0141 (decimal 321)
   defining Unicode char U+0142 (decimal 322)
   defining Unicode char U+0152 (decimal 338)
   defining Unicode char U+0153 (decimal 339)
   defining Unicode char U+0174 (decimal 372)
   defining Unicode char U+0175 (decimal 373)
   defining Unicode char U+0176 (decimal 374)
   defining Unicode char U+0177 (decimal 375)
   defining Unicode char U+0218 (decimal 536)
   defining Unicode char U+0219 (decimal 537)
   defining Unicode char U+021A (decimal 538)
   defining Unicode char U+021B (decimal 539)
   defining Unicode char U+2013 (decimal 8211)
   defining Unicode char U+2014 (decimal 8212)
   defining Unicode char U+2018 (decimal 8216)
   defining Unicode char U+2019 (decimal 8217)
   defining Unicode char U+201C (decimal 8220)
   defining Unicode char U+201D (decimal 8221)
)
Now handling font encoding OMS ...
... processing UTF-8 mapping file for font encoding OMS

(/usr/local/texlive/2017/texmf-dist/tex/latex/base/omsenc.dfu
File: omsenc.dfu 2017/01/28 v1.1t UTF-8 support for inputenc
   defining Unicode char U+00A7 (decimal 167)
   defining Unicode char U+00B6 (decimal 182)
   defining Unicode char U+00B7 (decimal 183)
   defining Unicode char U+2020 (decimal 8224)
   defining Unicode char U+2021 (decimal 8225)
   defining Unicode char U+2022 (decimal 8226)
)
Now handling font encoding OMX ...
... no UTF-8 mapping file for font encoding OMX
Now handling font encoding U ...
... no UTF-8 mapping file for font encoding U
   defining Unicode char U+00A9 (decimal 169)
   defining Unicode char U+00AA (decimal 170)
   defining Unicode char U+00AE (decimal 174)
   defining Unicode char U+00BA (decimal 186)
   defining Unicode char U+02C6 (decimal 710)
   defining Unicode char U+02DC (decimal 732)
   defining Unicode char U+200C (decimal 8204)
   defining Unicode char U+2026 (decimal 8230)
   defining Unicode char U+2122 (decimal 8482)
   defining Unicode char U+2423 (decimal 9251)
))
(/usr/local/texlive/2017/texmf-dist/tex/latex/lm/lmodern.sty
Package: lmodern 2009/10/30 v1.6 Latin Modern Fonts
LaTeX Font Info:    Overwriting symbol font `operators' in version `normal'
(Font)                  OT1/cmr/m/n --> OT1/lmr/m/n on input line 22.
LaTeX Font Info:    Overwriting symbol font `letters' in version `normal'
(Font)                  OML/cmm/m/it --> OML/lmm/m/it on input line 23.
LaTeX Font Info:    Overwriting symbol font `symbols' in version `normal'
(Font)                  OMS/cmsy/m/n --> OMS/lmsy/m/n on input line 24.
LaTeX Font Info:    Overwriting symbol font `largesymbols' in version `normal'
(Font)                  OMX/cmex/m/n --> OMX/lmex/m/n on input line 25.
LaTeX Font Info:    Overwriting symbol font `operators' in version `bold'
(Font)                  OT1/cmr/bx/n --> OT1/lmr/bx/n on input line 26.
LaTeX Font Info:    Overwriting symbol font `letters' in version `bold'
(Font)                  OML/cmm/b/it --> OML/lmm/b/it on input line 27.
LaTeX Font Info:    Overwriting symbol font `symbols' in version `bold'
(Font)                  OMS/cmsy/b/n --> OMS/lmsy/b/n on input line 28.
LaTeX Font Info:    Overwriting symbol font `largesymbols' in version `bold'
(Font)                  OMX/cmex/m/n --> OMX/lmex/m/n on input line 29.
LaTeX Font Info:    Overwriting math alphabet `\mathbf' in version `normal'
(Font)                  OT1/cmr/bx/n --> OT1/lmr/bx/n on input line 31.
LaTeX Font Info:    Overwriting math alphabet `\mathsf' in version `normal'
(Font)                  OT1/cmss/m/n --> OT1/lmss/m/n on input line 32.
LaTeX Font Info:    Overwriting math alphabet `\mathit' in version `normal'
(Font)                  OT1/cmr/m/it --> OT1/lmr/m/it on input line 33.
LaTeX Font Info:    Overwriting math alphabet `\mathtt' in version `normal'
(Font)                  OT1/cmtt/m/n --> OT1/lmtt/m/n on input line 34.
LaTeX Font Info:    Overwriting math alphabet `\mathbf' in version `bold'
(Font)                  OT1/cmr/bx/n --> OT1/lmr/bx/n on input line 35.
LaTeX Font Info:    Overwriting math alphabet `\mathsf' in version `bold'
(Font)                  OT1/cmss/bx/n --> OT1/lmss/bx/n on input line 36.
LaTeX Font Info:    Overwriting math alphabet `\mathit' in version `bold'
(Font)                  OT1/cmr/bx/it --> OT1/lmr/bx/it on input line 37.
LaTeX Font Info:    Overwriting math alphabet `\mathtt' in version `bold'
(Font)                  OT1/cmtt/m/n --> OT1/lmtt/m/n on input line 38.
)
(/usr/local/texlive/2017/texmf-dist/tex/generic/babel/babel.sty
Package: babel 2017/05/19 3.10 The Babel package

(/usr/local/texlive/2017/texmf-dist/tex/generic/babel-german/ngerman.ldf
Language: ngerman 2016/11/02 v2.9 German support for babel (new orthography)

(/usr/local/texlive/2017/texmf-dist/tex/generic/babel-german/ngermanb.ldf
Language: ngermanb 2016/11/02 v2.9 German support for babel (new orthography)

(/usr/local/texlive/2017/texmf-dist/tex/generic/babel/babel.def
File: babel.def 2017/05/19 3.10 Babel common definitions
\babel@savecnt=\count88
\U@D=\dimen103
)
Package babel Info: Making " an active character on input line 125.
)))
(/usr/local/texlive/2017/texmf-dist/tex/latex/csquotes/csquotes.sty
Package: csquotes 2017/03/11 v5.2b context-sensitive quotations (JAW)

(/usr/local/texlive/2017/texmf-dist/tex/latex/etoolbox/etoolbox.sty
Package: etoolbox 2017/01/02 v2.4 e-TeX tools for LaTeX (JAW)
\etb@tempcnta=\count89
)
\csq@reset=\count90
\csq@gtype=\count91
\csq@glevel=\count92
\csq@qlevel=\count93
\csq@maxlvl=\count94
\csq@tshold=\count95
\csq@ltx@everypar=\toks17

(/usr/local/texlive/2017/texmf-dist/tex/latex/csquotes/csquotes.def
File: csquotes.def 2017/03/11 v5.2b csquotes generic definitions (JAW)
)
Package csquotes Info: Trying to load configuration file 'csquotes.cfg'...
Package csquotes Info: ... configuration file loaded successfully.

(/usr/local/texlive/2017/texmf-dist/tex/latex/csquotes/csquotes.cfg
File: csquotes.cfg 
)
Package csquotes Info: Enabling multilingual quotes.
Package csquotes Info: Redefining alias 'german' -> 'german/quotes'.
)
(/usr/local/texlive/2017/texmf-dist/tex/latex/base/fontenc.sty
Package: fontenc 2017/04/05 v2.0i Standard LaTeX package

(/usr/local/texlive/2017/texmf-dist/tex/latex/base/t1enc.def
File: t1enc.def 2017/04/05 v2.0i Standard LaTeX file
LaTeX Font Info:    Redeclaring font encoding T1 on input line 48.
))
(/usr/local/texlive/2017/texmf-dist/tex/latex/graphics/graphicx.sty
Package: graphicx 2014/10/28 v1.0g Enhanced LaTeX Graphics (DPC,SPQR)

(/usr/local/texlive/2017/texmf-dist/tex/latex/graphics/graphics.sty
Package: graphics 2017/04/14 v1.1b Standard LaTeX Graphics (DPC,SPQR)

(/usr/local/texlive/2017/texmf-dist/tex/latex/graphics/trig.sty
Package: trig 2016/01/03 v1.10 sin cos tan (DPC)
)
(/usr/local/texlive/2017/texmf-dist/tex/latex/graphics-cfg/graphics.cfg
File: graphics.cfg 2016/06/04 v1.11 sample graphics configuration
)
Package graphics Info: Driver file: dvips.def on input line 99.

(/usr/local/texlive/2017/texmf-dist/tex/latex/graphics-def/dvips.def
File: dvips.def 2016/07/10 v3.1a Driver-dependent file (DPC,SPQR)
))
\Gin@req@height=\dimen104
\Gin@req@width=\dimen105
)
(/usr/local/texlive/2017/texmf-dist/tex/latex/geometry/geometry.sty
Package: geometry 2010/09/12 v5.6 Page Geometry

(/usr/local/texlive/2017/texmf-dist/tex/generic/oberdiek/ifpdf.sty
Package: ifpdf 2017/03/15 v3.2 Provides the ifpdf switch
)
(/usr/local/texlive/2017/texmf-dist/tex/generic/oberdiek/ifvtex.sty
Package: ifvtex 2016/05/16 v1.6 Detect VTeX and its facilities (HO)
Package ifvtex Info: VTeX not detected.
)
(/usr/local/texlive/2017/texmf-dist/tex/generic/ifxetex/ifxetex.sty
Package: ifxetex 2010/09/12 v0.6 Provides ifxetex conditional
)
\Gm@cnth=\count96
\Gm@cntv=\count97
\c@Gm@tempcnt=\count98
\Gm@bindingoffset=\dimen106
\Gm@wd@mp=\dimen107
\Gm@odd@mp=\dimen108
\Gm@even@mp=\dimen109
\Gm@layoutwidth=\dimen110
\Gm@layoutheight=\dimen111
\Gm@layouthoffset=\dimen112
\Gm@layoutvoffset=\dimen113
\Gm@dimlist=\toks18
)
(/usr/local/texlive/2017/texmf-dist/tex/latex/setspace/setspace.sty
Package: setspace 2011/12/19 v6.7a set line spacing
)
(/usr/local/texlive/2017/texmf-dist/tex/latex/amsmath/amsmath.sty
Package: amsmath 2016/11/05 v2.16a AMS math features
\@mathmargin=\skip55

For additional information on amsmath, use the `?' option.
(/usr/local/texlive/2017/texmf-dist/tex/latex/amsmath/amstext.sty
Package: amstext 2000/06/29 v2.01 AMS text

(/usr/local/texlive/2017/texmf-dist/tex/latex/amsmath/amsgen.sty
File: amsgen.sty 1999/11/30 v2.0 generic functions
\@emptytoks=\toks19
\ex@=\dimen114
))
(/usr/local/texlive/2017/texmf-dist/tex/latex/amsmath/amsbsy.sty
Package: amsbsy 1999/11/29 v1.2d Bold Symbols
\pmbraise@=\dimen115
)
(/usr/local/texlive/2017/texmf-dist/tex/latex/amsmath/amsopn.sty
Package: amsopn 2016/03/08 v2.02 operator names
)
\inf@bad=\count99
LaTeX Info: Redefining \frac on input line 213.
\uproot@=\count100
\leftroot@=\count101
LaTeX Info: Redefining \overline on input line 375.
\classnum@=\count102
\DOTSCASE@=\count103
LaTeX Info: Redefining \ldots on input line 472.
LaTeX Info: Redefining \dots on input line 475.
LaTeX Info: Redefining \cdots on input line 596.
\Mathstrutbox@=\box28
\strutbox@=\box29
\big@size=\dimen116
LaTeX Font Info:    Redeclaring font encoding OML on input line 712.
LaTeX Font Info:    Redeclaring font encoding OMS on input line 713.
\macc@depth=\count104
\c@MaxMatrixCols=\count105
\dotsspace@=\muskip10
\c@parentequation=\count106
\dspbrk@lvl=\count107
\tag@help=\toks20
\row@=\count108
\column@=\count109
\maxfields@=\count110
\andhelp@=\toks21
\eqnshift@=\dimen117
\alignsep@=\dimen118
\tagshift@=\dimen119
\tagwidth@=\dimen120
\totwidth@=\dimen121
\lineht@=\dimen122
\@envbody=\toks22
\multlinegap=\skip56
\multlinetaggap=\skip57
\mathdisplay@stack=\toks23
LaTeX Info: Redefining \[ on input line 2817.
LaTeX Info: Redefining \] on input line 2818.
)
(/usr/local/texlive/2017/texmf-dist/tex/latex/colortbl/colortbl.sty
Package: colortbl 2012/02/13 v1.0a Color table columns (DPC)

(/usr/local/texlive/2017/texmf-dist/tex/latex/tools/array.sty
Package: array 2016/10/06 v2.4d Tabular extension package (FMi)
\col@sep=\dimen123
\extrarowheight=\dimen124
\NC@list=\toks24
\extratabsurround=\skip58
\backup@length=\skip59
)
(/usr/local/texlive/2017/texmf-dist/tex/latex/graphics/color.sty
Package: color 2016/07/10 v1.1e Standard LaTeX Color (DPC)

(/usr/local/texlive/2017/texmf-dist/tex/latex/graphics-cfg/color.cfg
File: color.cfg 2016/01/02 v1.6 sample color configuration
)
Package color Info: Driver file: dvips.def on input line 147.

(/usr/local/texlive/2017/texmf-dist/tex/latex/graphics/dvipsnam.def
File: dvipsnam.def 2016/06/17 v3.0m Driver-dependent file (DPC,SPQR)
))
\everycr=\toks25
\minrowclearance=\skip60
)
(/usr/local/texlive/2017/texmf-dist/tex/latex/multirow/multirow.sty
Package: multirow 2016/11/25 v2.2 Span multiple rows of a table
\multirow@colwidth=\skip61
\multirow@cntb=\count111
\multirow@dima=\skip62
\bigstrutjot=\dimen125
)
(/usr/local/texlive/2017/texmf-dist/tex/latex/tools/afterpage.sty
Package: afterpage 2014/10/28 v1.08 After-Page Package (DPC)
\AP@output=\toks26
\AP@partial=\box30
\AP@footins=\box31
)
(/usr/local/texlive/2017/texmf-dist/tex/latex/wrapfig/wrapfig.sty
\wrapoverhang=\dimen126
\WF@size=\dimen127
\c@WF@wrappedlines=\count112
\WF@box=\box32
\WF@everypar=\toks27
Package: wrapfig 2003/01/31  v 3.6
)

Class scrartcl Warning: Usage of package `fancyhdr' together
(scrartcl)              with a KOMA-Script class is not recommended.
(scrartcl)              I'd suggest to use 
(scrartcl)              package `scrlayer-scrpage'.
(scrartcl)              Nevertheless, using requested
(scrartcl)              package `fancyhdr' on input line 16.

(/usr/local/texlive/2017/texmf-dist/tex/latex/fancyhdr/fancyhdr.sty
Package: fancyhdr 2016/09/06 3.8 Extensive control of page headers and footers
\fancy@headwidth=\skip63
\f@ncyO@elh=\skip64
\f@ncyO@erh=\skip65
\f@ncyO@olh=\skip66
\f@ncyO@orh=\skip67
\f@ncyO@elf=\skip68
\f@ncyO@erf=\skip69
\f@ncyO@olf=\skip70
\f@ncyO@orf=\skip71
)
(/usr/local/texlive/2017/texmf-dist/tex/latex/ae/ae.sty
Package: ae 2001/02/12 1.3 Almost European Computer Modern

(/usr/local/texlive/2017/texmf-dist/tex/latex/base/fontenc.sty
Package: fontenc 2017/04/05 v2.0i Standard LaTeX package

(/usr/local/texlive/2017/texmf-dist/tex/latex/base/t1enc.def
File: t1enc.def 2017/04/05 v2.0i Standard LaTeX file
LaTeX Font Info:    Redeclaring font encoding T1 on input line 48.
)
LaTeX Font Info:    Try loading font information for T1+aer on input line 105.

(/usr/local/texlive/2017/texmf-dist/tex/latex/ae/t1aer.fd
File: t1aer.fd 1997/11/16 Font definitions for T1/aer.
)))
(/usr/local/texlive/2017/texmf-dist/tex/latex/url/url.sty
\Urlmuskip=\muskip11
Package: url 2013/09/16  ver 3.4  Verb mode for urls, etc.
)
(/usr/local/texlive/2017/texmf-dist/tex/latex/hyperref/hyperref.sty
Package: hyperref 2017/03/14 v6.85a Hypertext links for LaTeX

(/usr/local/texlive/2017/texmf-dist/tex/generic/oberdiek/hobsub-hyperref.sty
Package: hobsub-hyperref 2016/05/16 v1.14 Bundle oberdiek, subset hyperref (HO)


(/usr/local/texlive/2017/texmf-dist/tex/generic/oberdiek/hobsub-generic.sty
Package: hobsub-generic 2016/05/16 v1.14 Bundle oberdiek, subset generic (HO)
Package: hobsub 2016/05/16 v1.14 Construct package bundles (HO)
Package: infwarerr 2016/05/16 v1.4 Providing info/warning/error messages (HO)
Package: ltxcmds 2016/05/16 v1.23 LaTeX kernel commands for general use (HO)
Package: ifluatex 2016/05/16 v1.4 Provides the ifluatex switch (HO)
Package ifluatex Info: LuaTeX not detected.
Package hobsub Info: Skipping package `ifvtex' (already loaded).
Package: intcalc 2016/05/16 v1.2 Expandable calculations with integers (HO)
Package hobsub Info: Skipping package `ifpdf' (already loaded).
Package: etexcmds 2016/05/16 v1.6 Avoid name clashes with e-TeX commands (HO)
Package etexcmds Info: Could not find \expanded.
(etexcmds)             That can mean that you are not using pdfTeX 1.50 or
(etexcmds)             that some package has redefined \expanded.
(etexcmds)             In the latter case, load this package earlier.
Package: kvsetkeys 2016/05/16 v1.17 Key value parser (HO)
Package: kvdefinekeys 2016/05/16 v1.4 Define keys (HO)
Package: pdftexcmds 2017/03/19 v0.25 Utility functions of pdfTeX for LuaTeX (HO
)
Package pdftexcmds Info: LuaTeX not detected.
Package pdftexcmds Info: \pdf@primitive is available.
Package pdftexcmds Info: \pdf@ifprimitive is available.
Package pdftexcmds Info: \pdfdraftmode is ignored in DVI mode.
Package: pdfescape 2016/05/16 v1.14 Implements pdfTeX's escape features (HO)
Package: bigintcalc 2016/05/16 v1.4 Expandable calculations on big integers (HO
)
Package: bitset 2016/05/16 v1.2 Handle bit-vector datatype (HO)
Package: uniquecounter 2016/05/16 v1.3 Provide unlimited unique counter (HO)
)
Package hobsub Info: Skipping package `hobsub' (already loaded).
Package: letltxmacro 2016/05/16 v1.5 Let assignment for LaTeX macros (HO)
Package: hopatch 2016/05/16 v1.3 Wrapper for package hooks (HO)
Package: xcolor-patch 2016/05/16 xcolor patch
Package: atveryend 2016/05/16 v1.9 Hooks at the very end of document (HO)
Package: atbegshi 2016/06/09 v1.18 At begin shipout hook (HO)
Package: refcount 2016/05/16 v3.5 Data extraction from label references (HO)
Package: hycolor 2016/05/16 v1.8 Color options for hyperref/bookmark (HO)
)
(/usr/local/texlive/2017/texmf-dist/tex/latex/oberdiek/auxhook.sty
Package: auxhook 2016/05/16 v1.4 Hooks for auxiliary files (HO)
)
(/usr/local/texlive/2017/texmf-dist/tex/latex/oberdiek/kvoptions.sty
Package: kvoptions 2016/05/16 v3.12 Key value format for package options (HO)
)
\@linkdim=\dimen128
\Hy@linkcounter=\count113
\Hy@pagecounter=\count114

(/usr/local/texlive/2017/texmf-dist/tex/latex/hyperref/pd1enc.def
File: pd1enc.def 2017/03/14 v6.85a Hyperref: PDFDocEncoding definition (HO)
Now handling font encoding PD1 ...
... no UTF-8 mapping file for font encoding PD1
)
\Hy@SavedSpaceFactor=\count115

(/usr/local/texlive/2017/texmf-dist/tex/latex/latexconfig/hyperref.cfg
File: hyperref.cfg 2002/06/06 v1.2 hyperref configuration of TeXLive
)
Package hyperref Info: Option `colorlinks' set `true' on input line 4374.
Package hyperref Info: Hyper figures OFF on input line 4498.
Package hyperref Info: Link nesting OFF on input line 4503.
Package hyperref Info: Hyper index ON on input line 4506.
Package hyperref Info: Plain pages OFF on input line 4513.
Package hyperref Info: Backreferencing OFF on input line 4518.
Package hyperref Info: Implicit mode ON; LaTeX internals redefined.
Package hyperref Info: Bookmarks ON on input line 4751.
\c@Hy@tempcnt=\count116
LaTeX Info: Redefining \url on input line 5104.
\XeTeXLinkMargin=\dimen129
\Fld@menulength=\count117
\Field@Width=\dimen130
\Fld@charsize=\dimen131
Package hyperref Info: Hyper figures OFF on input line 6358.
Package hyperref Info: Link nesting OFF on input line 6363.
Package hyperref Info: Hyper index ON on input line 6366.
Package hyperref Info: backreferencing OFF on input line 6373.
Package hyperref Info: Link coloring ON on input line 6376.
Package hyperref Info: Link coloring with OCG OFF on input line 6383.
Package hyperref Info: PDF/A mode OFF on input line 6388.
LaTeX Info: Redefining \ref on input line 6428.
LaTeX Info: Redefining \pageref on input line 6432.
\Hy@abspage=\count118
\c@Item=\count119
\c@Hfootnote=\count120
)

Package hyperref Message: Driver (default): hdvips.

(/usr/local/texlive/2017/texmf-dist/tex/latex/hyperref/hdvips.def
File: hdvips.def 2017/03/14 v6.85a Hyperref driver for dvips

(/usr/local/texlive/2017/texmf-dist/tex/latex/hyperref/pdfmark.def
File: pdfmark.def 2017/03/14 v6.85a Hyperref definitions for pdfmark specials
\pdf@docset=\toks28
\pdf@box=\box33
\pdf@toks=\toks29
\pdf@defaulttoks=\toks30
\HyField@AnnotCount=\count121
\Fld@listcount=\count122
\c@bookmark@seq@number=\count123

(/usr/local/texlive/2017/texmf-dist/tex/latex/oberdiek/rerunfilecheck.sty
Package: rerunfilecheck 2016/05/16 v1.8 Rerun checks for auxiliary files (HO)
Package uniquecounter Info: New unique counter `rerunfilecheck' on input line 2
82.
)
\Hy@SectionHShift=\skip72
))
Package csquotes Info: Checking for multilingual support...
Package csquotes Info: ... found 'babel' package.

(./Masterthesis.aux)
\openout1 = `Masterthesis.aux'.

LaTeX Font Info:    Checking defaults for OML/cmm/m/it on input line 35.
LaTeX Font Info:    ... okay on input line 35.
LaTeX Font Info:    Checking defaults for T1/cmr/m/n on input line 35.
LaTeX Font Info:    ... okay on input line 35.
LaTeX Font Info:    Checking defaults for OT1/cmr/m/n on input line 35.
LaTeX Font Info:    ... okay on input line 35.
LaTeX Font Info:    Checking defaults for OMS/cmsy/m/n on input line 35.
LaTeX Font Info:    ... okay on input line 35.
LaTeX Font Info:    Checking defaults for OMX/cmex/m/n on input line 35.
LaTeX Font Info:    ... okay on input line 35.
LaTeX Font Info:    Checking defaults for U/cmr/m/n on input line 35.
LaTeX Font Info:    ... okay on input line 35.
LaTeX Font Info:    Checking defaults for PD1/pdf/m/n on input line 35.
LaTeX Font Info:    ... okay on input line 35.

*geometry* driver: auto-detecting
*geometry* detected driver: dvips
*geometry* verbose mode - [ preamble ] result:
* driver: dvips
* paper: a4paper
* layout: <same size as paper>
* layoutoffset:(h,v)=(0.0pt,0.0pt)
* modes: 
* h-part:(L,W,R)=(71.13188pt, 455.24411pt, 71.13188pt)
* v-part:(T,H,B)=(85.35826pt, 660.10394pt, 99.58464pt)
* \paperwidth=597.50787pt
* \paperheight=845.04684pt
* \textwidth=455.24411pt
* \textheight=660.10394pt
* \oddsidemargin=-1.1381pt
* \evensidemargin=-1.1381pt
* \topmargin=-26.78673pt
* \headheight=18.125pt
* \headsep=21.75pt
* \topskip=12.0pt
* \footskip=50.75pt
* \marginparwidth=49.79233pt
* \marginparsep=12.8401pt
* \columnsep=10.0pt
* \skip\footins=10.8pt plus 4.0pt minus 2.0pt
* \hoffset=0.0pt
* \voffset=0.0pt
* \mag=1000
* \@twocolumnfalse
* \@twosidefalse
* \@mparswitchfalse
* \@reversemarginfalse
* (1in=72.27pt=25.4mm, 1cm=28.453pt)

\AtBeginShipoutBox=\box34
Package hyperref Info: Link coloring ON on input line 35.
(/usr/local/texlive/2017/texmf-dist/tex/latex/hyperref/nameref.sty
Package: nameref 2016/05/21 v2.44 Cross-referencing by name of section

(/usr/local/texlive/2017/texmf-dist/tex/generic/oberdiek/gettitlestring.sty
Package: gettitlestring 2016/05/16 v1.5 Cleanup title references (HO)
)
\c@section@level=\count124
)
LaTeX Info: Redefining \ref on input line 35.
LaTeX Info: Redefining \pageref on input line 35.
LaTeX Info: Redefining \nameref on input line 35.

(./Masterthesis.out) (./Masterthesis.out)
\@outlinefile=\write3
\openout3 = `Masterthesis.out'.

LaTeX Font Info:    Try loading font information for T1+aess on input line 39.

(/usr/local/texlive/2017/texmf-dist/tex/latex/ae/t1aess.fd
File: t1aess.fd 1997/11/16 Font definitions for T1/aess.
)
Underfull \hbox (badness 10000) in paragraph at lines 40--46

 []


Underfull \hbox (badness 10000) in paragraph at lines 40--46

 []

Package babel Info: Redefining ngerman shorthand "|
(babel)             in language  on input line 47.
Package babel Info: Redefining ngerman shorthand "~
(babel)             in language  on input line 47.
Package babel Info: Redefining ngerman shorthand "|
(babel)             in language  on input line 47.
Package babel Info: Redefining ngerman shorthand "~
(babel)             in language  on input line 47.
[1

]
Underfull \hbox (badness 10000) in paragraph at lines 50--57

 []


Underfull \hbox (badness 10000) in paragraph at lines 50--57

 []


Underfull \hbox (badness 10000) in paragraph at lines 50--57

 []

Package babel Info: Redefining ngerman shorthand "|
(babel)             in language  on input line 58.
Package babel Info: Redefining ngerman shorthand "~
(babel)             in language  on input line 58.
Package babel Info: Redefining ngerman shorthand "|
(babel)             in language  on input line 58.
Package babel Info: Redefining ngerman shorthand "~
(babel)             in language  on input line 58.
[2]
Overfull \hbox (5.82906pt too wide) in paragraph at lines 61--68
\T1/aer/m/n/12 Beratungs-Unternehmen mit den Schwer-punk-ten Di-gi-ta-li-sie-ru
ng und IT-Systemintegration.
 []


Underfull \hbox (badness 10000) in paragraph at lines 61--68

 []


Underfull \hbox (badness 10000) in paragraph at lines 61--68

 []


Underfull \hbox (badness 10000) in paragraph at lines 71--76

 []


Underfull \hbox (badness 10000) in paragraph at lines 71--76

 []

Package babel Info: Redefining ngerman shorthand "|
(babel)             in language  on input line 76.
Package babel Info: Redefining ngerman shorthand "~
(babel)             in language  on input line 76.
Package babel Info: Redefining ngerman shorthand "|
(babel)             in language  on input line 76.
Package babel Info: Redefining ngerman shorthand "~
(babel)             in language  on input line 76.
[3] (./Masterthesis.toc
LaTeX Font Info:    Try loading font information for OT1+lmr on input line 3.

(/usr/local/texlive/2017/texmf-dist/tex/latex/lm/ot1lmr.fd
File: ot1lmr.fd 2009/10/30 v1.6 Font defs for Latin Modern
)
LaTeX Font Info:    Try loading font information for OML+lmm on input line 3.

(/usr/local/texlive/2017/texmf-dist/tex/latex/lm/omllmm.fd
File: omllmm.fd 2009/10/30 v1.6 Font defs for Latin Modern
)
LaTeX Font Info:    Try loading font information for OMS+lmsy on input line 3.

(/usr/local/texlive/2017/texmf-dist/tex/latex/lm/omslmsy.fd
File: omslmsy.fd 2009/10/30 v1.6 Font defs for Latin Modern
)
LaTeX Font Info:    Try loading font information for OMX+lmex on input line 3.

(/usr/local/texlive/2017/texmf-dist/tex/latex/lm/omxlmex.fd
File: omxlmex.fd 2009/10/30 v1.6 Font defs for Latin Modern
)
LaTeX Font Info:    External font `lmex10' loaded for size
(Font)              <12> on input line 3.
LaTeX Font Info:    External font `lmex10' loaded for size
(Font)              <8> on input line 3.
LaTeX Font Info:    External font `lmex10' loaded for size
(Font)              <6> on input line 3.
)
\tf@toc=\write4
\openout4 = `Masterthesis.toc'.

Package babel Info: Redefining ngerman shorthand "|
(babel)             in language  on input line 80.
Package babel Info: Redefining ngerman shorthand "~
(babel)             in language  on input line 80.
Package babel Info: Redefining ngerman shorthand "|
(babel)             in language  on input line 80.
Package babel Info: Redefining ngerman shorthand "~
(babel)             in language  on input line 80.
 [4]
Package babel Info: Redefining ngerman shorthand "|
(babel)             in language  on input line 84.
Package babel Info: Redefining ngerman shorthand "~
(babel)             in language  on input line 84.
Package babel Info: Redefining ngerman shorthand "|
(babel)             in language  on input line 86.
Package babel Info: Redefining ngerman shorthand "~
(babel)             in language  on input line 86.

Underfull \hbox (badness 10000) in paragraph at lines 87--92

 []


Underfull \hbox (badness 10000) in paragraph at lines 87--92

 []

Package babel Info: Redefining ngerman shorthand "|
(babel)             in language  on input line 93.
Package babel Info: Redefining ngerman shorthand "~
(babel)             in language  on input line 93.

Underfull \hbox (badness 10000) in paragraph at lines 94--99

 []


Underfull \hbox (badness 10000) in paragraph at lines 94--99

 []

Package babel Info: Redefining ngerman shorthand "|
(babel)             in language  on input line 100.
Package babel Info: Redefining ngerman shorthand "~
(babel)             in language  on input line 100.
LaTeX Font Info:    External font `lmex10' loaded for size
(Font)              <10> on input line 103.
LaTeX Font Info:    External font `lmex10' loaded for size
(Font)              <7> on input line 103.
LaTeX Font Info:    External font `lmex10' loaded for size
(Font)              <5> on input line 103.

Underfull \hbox (badness 10000) in paragraph at lines 101--106

 []


Underfull \hbox (badness 10000) in paragraph at lines 101--106

 []

Package babel Info: Redefining ngerman shorthand "|
(babel)             in language  on input line 106.
Package babel Info: Redefining ngerman shorthand "~
(babel)             in language  on input line 106.
Package babel Info: Redefining ngerman shorthand "|
(babel)             in language  on input line 106.
Package babel Info: Redefining ngerman shorthand "~
(babel)             in language  on input line 106.
[5]
Package babel Info: Redefining ngerman shorthand "|
(babel)             in language  on input line 107.
Package babel Info: Redefining ngerman shorthand "~
(babel)             in language  on input line 107.
LaTeX Font Info:    Try loading font information for OMS+aer on input line 112.

 (/usr/local/texlive/2017/texmf-dist/tex/latex/ae/omsaer.fd
File: omsaer.fd 1999/12/27
)
LaTeX Font Info:    Font shape `OMS/aer/m/n' in size <12> not available
(Font)              Font shape `OMS/cmsy/m/n' tried instead on input line 112.
Package babel Info: Redefining ngerman shorthand "|
(babel)             in language  on input line 125.
Package babel Info: Redefining ngerman shorthand "~
(babel)             in language  on input line 125.
LaTeX Font Info:    Try loading font information for T1+aett on input line 129.


(/usr/local/texlive/2017/texmf-dist/tex/latex/ae/t1aett.fd
File: t1aett.fd 1997/11/16 Font definitions for T1/aett.
)
Underfull \hbox (badness 10000) in paragraph at lines 126--134

 []


Underfull \hbox (badness 10000) in paragraph at lines 126--134

 []


Underfull \hbox (badness 10000) in paragraph at lines 126--134

 []

Package babel Info: Redefining ngerman shorthand "|
(babel)             in language  on input line 134.
Package babel Info: Redefining ngerman shorthand "~
(babel)             in language  on input line 134.
Package babel Info: Redefining ngerman shorthand "|
(babel)             in language  on input line 134.
Package babel Info: Redefining ngerman shorthand "~
(babel)             in language  on input line 134.
[6]
Package babel Info: Redefining ngerman shorthand "|
(babel)             in language  on input line 135.
Package babel Info: Redefining ngerman shorthand "~
(babel)             in language  on input line 135.

Underfull \hbox (badness 10000) in paragraph at lines 136--142

 []


Underfull \hbox (badness 10000) in paragraph at lines 136--142

 []

Package babel Info: Redefining ngerman shorthand "|
(babel)             in language  on input line 143.
Package babel Info: Redefining ngerman shorthand "~
(babel)             in language  on input line 143.
Package babel Info: Redefining ngerman shorthand "|
(babel)             in language  on input line 154.
Package babel Info: Redefining ngerman shorthand "~
(babel)             in language  on input line 154.
Package babel Info: Redefining ngerman shorthand "|
(babel)             in language  on input line 154.
Package babel Info: Redefining ngerman shorthand "~
(babel)             in language  on input line 154.
[7]
Underfull \hbox (badness 10000) in paragraph at lines 163--169

 []


Underfull \hbox (badness 10000) in paragraph at lines 163--169

 []


Underfull \hbox (badness 10000) in paragraph at lines 177--186

 []


Underfull \hbox (badness 10000) in paragraph at lines 177--186

 []


Underfull \hbox (badness 10000) in paragraph at lines 177--186

 []

Package babel Info: Redefining ngerman shorthand "|
(babel)             in language  on input line 186.
Package babel Info: Redefining ngerman shorthand "~
(babel)             in language  on input line 186.
Package babel Info: Redefining ngerman shorthand "|
(babel)             in language  on input line 186.
Package babel Info: Redefining ngerman shorthand "~
(babel)             in language  on input line 186.
[8]
Package babel Info: Redefining ngerman shorthand "|
(babel)             in language  on input line 186.
Package babel Info: Redefining ngerman shorthand "~
(babel)             in language  on input line 186.

Underfull \hbox (badness 10000) in paragraph at lines 196--201

 []


Underfull \hbox (badness 10000) in paragraph at lines 196--201

 []

Package babel Info: Redefining ngerman shorthand "|
(babel)             in language  on input line 201.
Package babel Info: Redefining ngerman shorthand "~
(babel)             in language  on input line 201.
Package babel Info: Redefining ngerman shorthand "|
(babel)             in language  on input line 201.
Package babel Info: Redefining ngerman shorthand "~
(babel)             in language  on input line 201.
[9]
Package babel Info: Redefining ngerman shorthand "|
(babel)             in language  on input line 202.
Package babel Info: Redefining ngerman shorthand "~
(babel)             in language  on input line 202.

Underfull \hbox (badness 10000) in paragraph at lines 203--208

 []


Underfull \hbox (badness 10000) in paragraph at lines 203--208

 []

Package babel Info: Redefining ngerman shorthand "|
(babel)             in language  on input line 208.
Package babel Info: Redefining ngerman shorthand "~
(babel)             in language  on input line 208.

Underfull \hbox (badness 10000) in paragraph at lines 209--224

 []


Underfull \hbox (badness 10000) in paragraph at lines 209--224

 []


Underfull \hbox (badness 10000) in paragraph at lines 209--224

 []


Underfull \hbox (badness 10000) in paragraph at lines 209--224

 []


Underfull \hbox (badness 10000) in paragraph at lines 209--224

 []


Underfull \hbox (badness 10000) in paragraph at lines 209--224

 []


Underfull \hbox (badness 10000) in paragraph at lines 209--224

 []

Package babel Info: Redefining ngerman shorthand "|
(babel)             in language  on input line 224.
Package babel Info: Redefining ngerman shorthand "~
(babel)             in language  on input line 224.
Package babel Info: Redefining ngerman shorthand "|
(babel)             in language  on input line 224.
Package babel Info: Redefining ngerman shorthand "~
(babel)             in language  on input line 224.
[10]
Package babel Info: Redefining ngerman shorthand "|
(babel)             in language  on input line 225.
Package babel Info: Redefining ngerman shorthand "~
(babel)             in language  on input line 225.
Package babel Info: Redefining ngerman shorthand "|
(babel)             in language  on input line 227.
Package babel Info: Redefining ngerman shorthand "~
(babel)             in language  on input line 227.
Package babel Info: Redefining ngerman shorthand "|
(babel)             in language  on input line 227.
Package babel Info: Redefining ngerman shorthand "~
(babel)             in language  on input line 227.
 [11]
Package babel Info: Redefining ngerman shorthand "|
(babel)             in language  on input line 228.
Package babel Info: Redefining ngerman shorthand "~
(babel)             in language  on input line 228.
Package babel Info: Redefining ngerman shorthand "|
(babel)             in language  on input line 231.
Package babel Info: Redefining ngerman shorthand "~
(babel)             in language  on input line 231.

Underfull \hbox (badness 10000) in paragraph at lines 232--237

 []


Underfull \hbox (badness 10000) in paragraph at lines 232--237

 []

Package babel Info: Redefining ngerman shorthand "|
(babel)             in language  on input line 238.
Package babel Info: Redefining ngerman shorthand "~
(babel)             in language  on input line 238.
Package babel Info: Redefining ngerman shorthand "|
(babel)             in language  on input line 240.
Package babel Info: Redefining ngerman shorthand "~
(babel)             in language  on input line 240.
Package babel Info: Redefining ngerman shorthand "|
(babel)             in language  on input line 240.
Package babel Info: Redefining ngerman shorthand "~
(babel)             in language  on input line 240.
[12]
Package babel Info: Redefining ngerman shorthand "|
(babel)             in language  on input line 241.
Package babel Info: Redefining ngerman shorthand "~
(babel)             in language  on input line 241.
Package babel Info: Redefining ngerman shorthand "|
(babel)             in language  on input line 244.
Package babel Info: Redefining ngerman shorthand "~
(babel)             in language  on input line 244.
Package babel Info: Redefining ngerman shorthand "|
(babel)             in language  on input line 247.
Package babel Info: Redefining ngerman shorthand "~
(babel)             in language  on input line 247.

Overfull \hbox (146.1348pt too wide) in paragraph at lines 254--254
  [][][][][][][][][][][][][]| 
 []


Underfull \hbox (badness 10000) in paragraph at lines 248--257

 []


Underfull \hbox (badness 10000) in paragraph at lines 248--257

 []


Underfull \hbox (badness 10000) in paragraph at lines 248--257

 []

Package babel Info: Redefining ngerman shorthand "|
(babel)             in language  on input line 257.
Package babel Info: Redefining ngerman shorthand "~
(babel)             in language  on input line 257.
Package babel Info: Redefining ngerman shorthand "|
(babel)             in language  on input line 257.
Package babel Info: Redefining ngerman shorthand "~
(babel)             in language  on input line 257.
[13]
Underfull \hbox (badness 10000) in paragraph at lines 266--271

 []


Underfull \hbox (badness 10000) in paragraph at lines 266--271

 []

Package babel Info: Redefining ngerman shorthand "|
(babel)             in language  on input line 271.
Package babel Info: Redefining ngerman shorthand "~
(babel)             in language  on input line 271.
Package babel Info: Redefining ngerman shorthand "|
(babel)             in language  on input line 271.
Package babel Info: Redefining ngerman shorthand "~
(babel)             in language  on input line 271.
[14]
Package babel Info: Redefining ngerman shorthand "|
(babel)             in language  on input line 272.
Package babel Info: Redefining ngerman shorthand "~
(babel)             in language  on input line 272.

Underfull \hbox (badness 10000) in paragraph at lines 273--282

 []


Underfull \hbox (badness 10000) in paragraph at lines 273--282

 []


Underfull \hbox (badness 10000) in paragraph at lines 273--282

 []


Underfull \hbox (badness 10000) in paragraph at lines 273--282

 []

Package babel Info: Redefining ngerman shorthand "|
(babel)             in language  on input line 283.
Package babel Info: Redefining ngerman shorthand "~
(babel)             in language  on input line 283.

Underfull \hbox (badness 10000) in paragraph at lines 284--308

 []


Underfull \hbox (badness 10000) in paragraph at lines 284--308

 []


Underfull \hbox (badness 10000) in paragraph at lines 284--308

 []


Underfull \hbox (badness 10000) in paragraph at lines 284--308

 []


Underfull \hbox (badness 10000) in paragraph at lines 284--308

 []


Underfull \hbox (badness 10000) in paragraph at lines 284--308

 []


Underfull \hbox (badness 10000) in paragraph at lines 284--308

 []


Underfull \hbox (badness 10000) in paragraph at lines 284--308

 []

Package babel Info: Redefining ngerman shorthand "|
(babel)             in language  on input line 308.
Package babel Info: Redefining ngerman shorthand "~
(babel)             in language  on input line 308.
Package babel Info: Redefining ngerman shorthand "|
(babel)             in language  on input line 308.
Package babel Info: Redefining ngerman shorthand "~
(babel)             in language  on input line 308.
[15]
Package babel Info: Redefining ngerman shorthand "|
(babel)             in language  on input line 308.
Package babel Info: Redefining ngerman shorthand "~
(babel)             in language  on input line 308.
Package babel Info: Redefining ngerman shorthand "|
(babel)             in language  on input line 308.
Package babel Info: Redefining ngerman shorthand "~
(babel)             in language  on input line 308.
 [16]
Package babel Info: Redefining ngerman shorthand "|
(babel)             in language  on input line 309.
Package babel Info: Redefining ngerman shorthand "~
(babel)             in language  on input line 309.

Underfull \hbox (badness 10000) in paragraph at lines 310--355

 []


Underfull \hbox (badness 10000) in paragraph at lines 310--355

 []


Underfull \hbox (badness 10000) in paragraph at lines 310--355

 []


Underfull \hbox (badness 10000) in paragraph at lines 310--355

 []


Underfull \hbox (badness 10000) in paragraph at lines 310--355

 []

Package babel Info: Redefining ngerman shorthand "|
(babel)             in language  on input line 355.
Package babel Info: Redefining ngerman shorthand "~
(babel)             in language  on input line 355.
Package babel Info: Redefining ngerman shorthand "|
(babel)             in language  on input line 355.
Package babel Info: Redefining ngerman shorthand "~
(babel)             in language  on input line 355.
[17]
Package babel Info: Redefining ngerman shorthand "|
(babel)             in language  on input line 355.
Package babel Info: Redefining ngerman shorthand "~
(babel)             in language  on input line 355.

Overfull \hbox (5.60034pt too wide) in paragraph at lines 358--377
[][] 
 []


Underfull \hbox (badness 10000) in paragraph at lines 356--383

 []

Package babel Info: Redefining ngerman shorthand "|
(babel)             in language  on input line 383.
Package babel Info: Redefining ngerman shorthand "~
(babel)             in language  on input line 383.
Package babel Info: Redefining ngerman shorthand "|
(babel)             in language  on input line 383.
Package babel Info: Redefining ngerman shorthand "~
(babel)             in language  on input line 383.
[18]
Package babel Info: Redefining ngerman shorthand "|
(babel)             in language  on input line 393.
Package babel Info: Redefining ngerman shorthand "~
(babel)             in language  on input line 393.
File: Bilder/Verhaltensmodell.eps Graphic file (type eps)
 <Bilder/Verhaltensmodell.eps>

LaTeX Warning: Command \" invalid in math mode on input line 403.


LaTeX Warning: Command \" invalid in math mode on input line 403.


Underfull \hbox (badness 10000) in paragraph at lines 394--404

 []


LaTeX Warning: `!h' float specifier changed to `!ht'.

Package babel Info: Redefining ngerman shorthand "|
(babel)             in language  on input line 404.
Package babel Info: Redefining ngerman shorthand "~
(babel)             in language  on input line 404.
Package babel Info: Redefining ngerman shorthand "|
(babel)             in language  on input line 406.
Package babel Info: Redefining ngerman shorthand "~
(babel)             in language  on input line 406.
Package babel Info: Redefining ngerman shorthand "|
(babel)             in language  on input line 406.
Package babel Info: Redefining ngerman shorthand "~
(babel)             in language  on input line 406.
[19]
Package babel Info: Redefining ngerman shorthand "|
(babel)             in language  on input line 416.
Package babel Info: Redefining ngerman shorthand "~
(babel)             in language  on input line 416.
Package babel Info: Redefining ngerman shorthand "|
(babel)             in language  on input line 418.
Package babel Info: Redefining ngerman shorthand "~
(babel)             in language  on input line 418.
Package babel Info: Redefining ngerman shorthand "|
(babel)             in language  on input line 418.
Package babel Info: Redefining ngerman shorthand "~
(babel)             in language  on input line 418.
 [20]
Package babel Info: Redefining ngerman shorthand "|
(babel)             in language  on input line 419.
Package babel Info: Redefining ngerman shorthand "~
(babel)             in language  on input line 419.

Underfull \hbox (badness 10000) in paragraph at lines 420--425

 []


Underfull \hbox (badness 10000) in paragraph at lines 420--425

 []

Package babel Info: Redefining ngerman shorthand "|
(babel)             in language  on input line 435.
Package babel Info: Redefining ngerman shorthand "~
(babel)             in language  on input line 435.

Underfull \hbox (badness 10000) in paragraph at lines 436--443

 []


Underfull \hbox (badness 10000) in paragraph at lines 436--443

 []


Underfull \hbox (badness 10000) in paragraph at lines 436--443

 []

Package babel Info: Redefining ngerman shorthand "|
(babel)             in language  on input line 443.
Package babel Info: Redefining ngerman shorthand "~
(babel)             in language  on input line 443.
Package babel Info: Redefining ngerman shorthand "|
(babel)             in language  on input line 443.
Package babel Info: Redefining ngerman shorthand "~
(babel)             in language  on input line 443.
[21]
Package babel Info: Redefining ngerman shorthand "|
(babel)             in language  on input line 444.
Package babel Info: Redefining ngerman shorthand "~
(babel)             in language  on input line 444.
File: Bilder/Faehigkeitenfaktoren.eps Graphic file (type eps)
 <Bilder/Faehigkeitenfaktoren.eps>
Package babel Info: Redefining ngerman shorthand "|
(babel)             in language  on input line 466.
Package babel Info: Redefining ngerman shorthand "~
(babel)             in language  on input line 466.
Package babel Info: Redefining ngerman shorthand "|
(babel)             in language  on input line 466.
Package babel Info: Redefining ngerman shorthand "~
(babel)             in language  on input line 466.
 [22]
Package babel Info: Redefining ngerman shorthand "|
(babel)             in language  on input line 466.
Package babel Info: Redefining ngerman shorthand "~
(babel)             in language  on input line 466.

Underfull \hbox (badness 10000) in paragraph at lines 467--469

 []


Underfull \hbox (badness 10000) in paragraph at lines 467--469

 []


Overfull \hbox (5.87494pt too wide) in paragraph at lines 470--470
[]
 []


Underfull \hbox (badness 10000) in paragraph at lines 470--470

 []

Package babel Info: Redefining ngerman shorthand "|
(babel)             in language  on input line 479.
Package babel Info: Redefining ngerman shorthand "~
(babel)             in language  on input line 479.
Package babel Info: Redefining ngerman shorthand "|
(babel)             in language  on input line 479.
Package babel Info: Redefining ngerman shorthand "~
(babel)             in language  on input line 479.
[23]
Package babel Info: Redefining ngerman shorthand "|
(babel)             in language  on input line 480.
Package babel Info: Redefining ngerman shorthand "~
(babel)             in language  on input line 480.

Underfull \hbox (badness 10000) in paragraph at lines 481--486

 []


Underfull \hbox (badness 10000) in paragraph at lines 481--486

 []

Package babel Info: Redefining ngerman shorthand "|
(babel)             in language  on input line 487.
Package babel Info: Redefining ngerman shorthand "~
(babel)             in language  on input line 487.

Underfull \hbox (badness 10000) in paragraph at lines 488--497

 []


Underfull \hbox (badness 10000) in paragraph at lines 488--497

 []


Underfull \hbox (badness 10000) in paragraph at lines 488--497

 []


Underfull \hbox (badness 10000) in paragraph at lines 488--497

 []

Package babel Info: Redefining ngerman shorthand "|
(babel)             in language  on input line 497.
Package babel Info: Redefining ngerman shorthand "~
(babel)             in language  on input line 497.
Package babel Info: Redefining ngerman shorthand "|
(babel)             in language  on input line 497.
Package babel Info: Redefining ngerman shorthand "~
(babel)             in language  on input line 497.
[24]
Package babel Info: Redefining ngerman shorthand "|
(babel)             in language  on input line 498.
Package babel Info: Redefining ngerman shorthand "~
(babel)             in language  on input line 498.
File: Bilder/externalTrigger.eps Graphic file (type eps)
 <Bilder/externalTrigger.eps>
File: Bilder/internalTrigger.eps Graphic file (type eps)
 <Bilder/internalTrigger.eps>
Underfull \hbox (badness 10000) in paragraph at lines 499--524

 []


Underfull \hbox (badness 10000) in paragraph at lines 499--524

 []


Underfull \hbox (badness 10000) in paragraph at lines 499--524

 []


Underfull \hbox (badness 10000) in paragraph at lines 499--524

 []


Underfull \hbox (badness 10000) in paragraph at lines 499--524

 []


LaTeX Warning: `!h' float specifier changed to `!ht'.

Package babel Info: Redefining ngerman shorthand "|
(babel)             in language  on input line 524.
Package babel Info: Redefining ngerman shorthand "~
(babel)             in language  on input line 524.
Package babel Info: Redefining ngerman shorthand "|
(babel)             in language  on input line 524.
Package babel Info: Redefining ngerman shorthand "~
(babel)             in language  on input line 524.
[25]
Package babel Info: Redefining ngerman shorthand "|
(babel)             in language  on input line 524.
Package babel Info: Redefining ngerman shorthand "~
(babel)             in language  on input line 524.
Package babel Info: Redefining ngerman shorthand "|
(babel)             in language  on input line 524.
Package babel Info: Redefining ngerman shorthand "~
(babel)             in language  on input line 524.
 [26]
Underfull \hbox (badness 10000) in paragraph at lines 528--531

 []

Package babel Info: Redefining ngerman shorthand "|
(babel)             in language  on input line 532.
Package babel Info: Redefining ngerman shorthand "~
(babel)             in language  on input line 532.

Underfull \hbox (badness 10000) in paragraph at lines 533--538

 []


Underfull \hbox (badness 10000) in paragraph at lines 533--538

 []

Package babel Info: Redefining ngerman shorthand "|
(babel)             in language  on input line 542.
Package babel Info: Redefining ngerman shorthand "~
(babel)             in language  on input line 542.
Package babel Info: Redefining ngerman shorthand "|
(babel)             in language  on input line 542.
Package babel Info: Redefining ngerman shorthand "~
(babel)             in language  on input line 542.
[27]
Package babel Info: Redefining ngerman shorthand "|
(babel)             in language  on input line 548.
Package babel Info: Redefining ngerman shorthand "~
(babel)             in language  on input line 548.
Package babel Info: Redefining ngerman shorthand "|
(babel)             in language  on input line 551.
Package babel Info: Redefining ngerman shorthand "~
(babel)             in language  on input line 551.
Package babel Info: Redefining ngerman shorthand "|
(babel)             in language  on input line 552.
Package babel Info: Redefining ngerman shorthand "~
(babel)             in language  on input line 552.
File: Bilder/PlayGame.eps Graphic file (type eps)
 <Bilder/PlayGame.eps>
Underfull \hbox (badness 10000) in paragraph at lines 553--571

 []


Underfull \hbox (badness 10000) in paragraph at lines 553--571

 []


Underfull \hbox (badness 10000) in paragraph at lines 553--571

 []


Underfull \hbox (badness 10000) in paragraph at lines 553--571

 []


Underfull \hbox (badness 10000) in paragraph at lines 553--571

 []

Package babel Info: Redefining ngerman shorthand "|
(babel)             in language  on input line 571.
Package babel Info: Redefining ngerman shorthand "~
(babel)             in language  on input line 571.
Package babel Info: Redefining ngerman shorthand "|
(babel)             in language  on input line 571.
Package babel Info: Redefining ngerman shorthand "~
(babel)             in language  on input line 571.
[28]

LaTeX Warning: `!h' float specifier changed to `!ht'.

Package babel Info: Redefining ngerman shorthand "|
(babel)             in language  on input line 571.
Package babel Info: Redefining ngerman shorthand "~
(babel)             in language  on input line 571.

Underfull \hbox (badness 10000) in paragraph at lines 572--582

 []


Underfull \hbox (badness 10000) in paragraph at lines 572--582

 []


Underfull \hbox (badness 10000) in paragraph at lines 572--582

 []

Package babel Info: Redefining ngerman shorthand "|
(babel)             in language  on input line 582.
Package babel Info: Redefining ngerman shorthand "~
(babel)             in language  on input line 582.
Package babel Info: Redefining ngerman shorthand "|
(babel)             in language  on input line 582.
Package babel Info: Redefining ngerman shorthand "~
(babel)             in language  on input line 582.
[29]
Package babel Info: Redefining ngerman shorthand "|
(babel)             in language  on input line 589.
Package babel Info: Redefining ngerman shorthand "~
(babel)             in language  on input line 589.
Package babel Info: Redefining ngerman shorthand "|
(babel)             in language  on input line 589.
Package babel Info: Redefining ngerman shorthand "~
(babel)             in language  on input line 589.
 [30]
File: Bilder/GameElemente.eps Graphic file (type eps)
 <Bilder/GameElemente.eps>
Underfull \hbox (badness 10000) in paragraph at lines 592--608

 []


Underfull \hbox (badness 10000) in paragraph at lines 592--608

 []


Underfull \hbox (badness 10000) in paragraph at lines 592--608

 []

Package babel Info: Redefining ngerman shorthand "|
(babel)             in language  on input line 608.
Package babel Info: Redefining ngerman shorthand "~
(babel)             in language  on input line 608.
Package babel Info: Redefining ngerman shorthand "|
(babel)             in language  on input line 608.
Package babel Info: Redefining ngerman shorthand "~
(babel)             in language  on input line 608.
[31]
Package babel Info: Redefining ngerman shorthand "|
(babel)             in language  on input line 609.
Package babel Info: Redefining ngerman shorthand "~
(babel)             in language  on input line 609.

Underfull \hbox (badness 10000) in paragraph at lines 610--613

 []


Overfull \hbox (0.12303pt too wide) in paragraph at lines 617--618
[]\T1/aer/bx/n/12 Regeln\T1/aer/m/n/12 : Fr die Ga-mi-fi-ca-ti-on gilt, das di
e Re-geln der Gamification-Anwendung
 []


LaTeX Warning: Citation `Ryan2011' on page 32 undefined on input line 634.


Underfull \hbox (badness 10000) in paragraph at lines 622--678

 []


Underfull \hbox (badness 10000) in paragraph at lines 622--678

 []


Underfull \hbox (badness 10000) in paragraph at lines 622--678

 []


Underfull \hbox (badness 10000) in paragraph at lines 622--678

 []


Underfull \hbox (badness 10000) in paragraph at lines 622--678

 []


Underfull \hbox (badness 10000) in paragraph at lines 622--678

 []


Underfull \hbox (badness 10000) in paragraph at lines 622--678

 []


Underfull \hbox (badness 10000) in paragraph at lines 622--678

 []


Underfull \hbox (badness 10000) in paragraph at lines 622--678

 []


Underfull \hbox (badness 10000) in paragraph at lines 622--678

 []


Underfull \hbox (badness 10000) in paragraph at lines 622--678

 []


Underfull \hbox (badness 10000) in paragraph at lines 622--678

 []


Underfull \hbox (badness 10000) in paragraph at lines 622--678

 []


Underfull \hbox (badness 10000) in paragraph at lines 622--678

 []


Underfull \hbox (badness 10000) in paragraph at lines 622--678

 []


Underfull \hbox (badness 10000) in paragraph at lines 622--678

 []


Underfull \hbox (badness 10000) in paragraph at lines 622--678

 []


Underfull \hbox (badness 10000) in paragraph at lines 622--678

 []


Underfull \hbox (badness 10000) in paragraph at lines 622--678

 []


Underfull \hbox (badness 10000) in paragraph at lines 622--678

 []


Underfull \hbox (badness 10000) in paragraph at lines 622--678

 []


Underfull \hbox (badness 10000) in paragraph at lines 622--678

 []


Underfull \hbox (badness 10000) in paragraph at lines 622--678

 []


Underfull \hbox (badness 10000) in paragraph at lines 622--678

 []


Underfull \hbox (badness 10000) in paragraph at lines 622--678

 []


Underfull \hbox (badness 10000) in paragraph at lines 622--678

 []

Package babel Info: Redefining ngerman shorthand "|
(babel)             in language  on input line 678.
Package babel Info: Redefining ngerman shorthand "~
(babel)             in language  on input line 678.
Package babel Info: Redefining ngerman shorthand "|
(babel)             in language  on input line 678.
Package babel Info: Redefining ngerman shorthand "~
(babel)             in language  on input line 678.
[32]
Package babel Info: Redefining ngerman shorthand "|
(babel)             in language  on input line 678.
Package babel Info: Redefining ngerman shorthand "~
(babel)             in language  on input line 678.
Package babel Info: Redefining ngerman shorthand "|
(babel)             in language  on input line 678.
Package babel Info: Redefining ngerman shorthand "~
(babel)             in language  on input line 678.
 [33]
Package babel Info: Redefining ngerman shorthand "|
(babel)             in language  on input line 678.
Package babel Info: Redefining ngerman shorthand "~
(babel)             in language  on input line 678.
Package babel Info: Redefining ngerman shorthand "|
(babel)             in language  on input line 678.
Package babel Info: Redefining ngerman shorthand "~
(babel)             in language  on input line 678.
 [34]
Package babel Info: Redefining ngerman shorthand "|
(babel)             in language  on input line 678.
Package babel Info: Redefining ngerman shorthand "~
(babel)             in language  on input line 678.
Package babel Info: Redefining ngerman shorthand "|
(babel)             in language  on input line 678.
Package babel Info: Redefining ngerman shorthand "~
(babel)             in language  on input line 678.
 [35]
Package babel Info: Redefining ngerman shorthand "|
(babel)             in language  on input line 679.
Package babel Info: Redefining ngerman shorthand "~
(babel)             in language  on input line 679.
File: Bilder/CEGEModell.eps Graphic file (type eps)
 <Bilder/CEGEModell.eps>
File: Bilder/SkillAtoms.eps Graphic file (type eps)
 <Bilder/SkillAtoms.eps>
Underfull \hbox (badness 10000) in paragraph at lines 680--721

 []


Underfull \hbox (badness 10000) in paragraph at lines 680--721

 []


Underfull \hbox (badness 10000) in paragraph at lines 680--721

 []


Underfull \hbox (badness 10000) in paragraph at lines 680--721

 []


Underfull \hbox (badness 10000) in paragraph at lines 680--721

 []


Underfull \hbox (badness 10000) in paragraph at lines 680--721

 []


Underfull \hbox (badness 10000) in paragraph at lines 680--721

 []


Underfull \hbox (badness 10000) in paragraph at lines 680--721

 []


Underfull \hbox (badness 10000) in paragraph at lines 680--721

 []


Underfull \hbox (badness 10000) in paragraph at lines 680--721

 []


Underfull \hbox (badness 10000) in paragraph at lines 680--721

 []


Underfull \hbox (badness 10000) in paragraph at lines 680--721

 []

Package babel Info: Redefining ngerman shorthand "|
(babel)             in language  on input line 721.
Package babel Info: Redefining ngerman shorthand "~
(babel)             in language  on input line 721.
Package babel Info: Redefining ngerman shorthand "|
(babel)             in language  on input line 721.
Package babel Info: Redefining ngerman shorthand "~
(babel)             in language  on input line 721.
[36]

LaTeX Warning: `!h' float specifier changed to `!ht'.

Package babel Info: Redefining ngerman shorthand "|
(babel)             in language  on input line 721.
Package babel Info: Redefining ngerman shorthand "~
(babel)             in language  on input line 721.
Package babel Info: Redefining ngerman shorthand "|
(babel)             in language  on input line 721.
Package babel Info: Redefining ngerman shorthand "~
(babel)             in language  on input line 721.
[37]
Package babel Info: Redefining ngerman shorthand "|
(babel)             in language  on input line 721.
Package babel Info: Redefining ngerman shorthand "~
(babel)             in language  on input line 721.
Package babel Info: Redefining ngerman shorthand "|
(babel)             in language  on input line 721.
Package babel Info: Redefining ngerman shorthand "~
(babel)             in language  on input line 721.
 [38]
File: Bilder/MDAModel.eps Graphic file (type eps)
 <Bilder/MDAModel.eps>
File: Bilder/MDA.eps Graphic file (type eps)
 <Bilder/MDA.eps>
Underfull \hbox (badness 10000) in paragraph at lines 733--762

 []


Underfull \hbox (badness 10000) in paragraph at lines 733--762

 []


Underfull \hbox (badness 10000) in paragraph at lines 733--762

 []


Underfull \hbox (badness 10000) in paragraph at lines 733--762

 []


Underfull \hbox (badness 10000) in paragraph at lines 733--762

 []


Underfull \hbox (badness 10000) in paragraph at lines 733--762

 []


Underfull \hbox (badness 10000) in paragraph at lines 733--762

 []


Underfull \hbox (badness 10000) in paragraph at lines 733--762

 []

Package babel Info: Redefining ngerman shorthand "|
(babel)             in language  on input line 762.
Package babel Info: Redefining ngerman shorthand "~
(babel)             in language  on input line 762.
Package babel Info: Redefining ngerman shorthand "|
(babel)             in language  on input line 762.
Package babel Info: Redefining ngerman shorthand "~
(babel)             in language  on input line 762.
[39]
Package babel Info: Redefining ngerman shorthand "|
(babel)             in language  on input line 762.
Package babel Info: Redefining ngerman shorthand "~
(babel)             in language  on input line 762.
Package babel Info: Redefining ngerman shorthand "|
(babel)             in language  on input line 762.
Package babel Info: Redefining ngerman shorthand "~
(babel)             in language  on input line 762.
 [40]
Package babel Info: Redefining ngerman shorthand "|
(babel)             in language  on input line 801.
Package babel Info: Redefining ngerman shorthand "~
(babel)             in language  on input line 801.
Package babel Info: Redefining ngerman shorthand "|
(babel)             in language  on input line 801.
Package babel Info: Redefining ngerman shorthand "~
(babel)             in language  on input line 801.
 [41] (./Masterthesis.lot
Overfull \hbox (14.56001pt too wide) in paragraph at lines 2--2
 [][] [] [][]  
 []

)
\tf@lot=\write5
\openout5 = `Masterthesis.lot'.

 (./Masterthesis.lof)
\tf@lof=\write6
\openout6 = `Masterthesis.lof'.

Package babel Info: Redefining ngerman shorthand "|
(babel)             in language  on input line 804.
Package babel Info: Redefining ngerman shorthand "~
(babel)             in language  on input line 804.
Package babel Info: Redefining ngerman shorthand "|
(babel)             in language  on input line 804.
Package babel Info: Redefining ngerman shorthand "~
(babel)             in language  on input line 804.
 [42] (./Masterthesis.bbl
Overfull \hbox (183.24371pt too wide) in paragraph at lines 39--44
[]\T1/aer/m/n/12 BJ Fogg: Ver-hal-tens-mo-dell.  [][][][][][],
 []


Overfull \hbox (60.36055pt too wide) in paragraph at lines 74--78
[]\T1/aer/m/n/12 Nyr Eyal: F-hig-kei-ten.  [][][][][][],
 []


Overfull \hbox (73.90465pt too wide) in paragraph at lines 91--95
[]\T1/aer/m/n/12 Nyr Eyal: In-te-r-al Trig-ger.  [][][][][][],
 []

Package babel Info: Redefining ngerman shorthand "|
(babel)             in language  on input line 102.
Package babel Info: Redefining ngerman shorthand "~
(babel)             in language  on input line 102.
Package babel Info: Redefining ngerman shorthand "|
(babel)             in language  on input line 102.
Package babel Info: Redefining ngerman shorthand "~
(babel)             in language  on input line 102.
[43]
Overfull \hbox (17.13333pt too wide) in paragraph at lines 109--112
[]\T1/aer/m/n/12 Benedikt Morsch-heu-ser: Ab-gren-zung.  [][][][][][],
 []


Overfull \hbox (286.23529pt too wide) in paragraph at lines 114--119
[]\T1/aer/m/n/12 Benedikt Morsch-heu-ser: Game-Design Ele-men-te.  [][][][][][]
,
 []


Overfull \hbox (47.05676pt too wide) in paragraph at lines 160--165
[]\T1/aer/m/n/12 Flow mo-del.  [][][][][][],
 []


Underfull \hbox (badness 10000) in paragraph at lines 182--188
[]\T1/aer/m/n/12 Bill Har-din.  Mock da-ta ana-ly-sis with ce-ge mo-del.
 []


Underfull \hbox (badness 10000) in paragraph at lines 182--188
[][][][][][]\T1/aer/m/n/12 ,
 []


Underfull \hbox (badness 10000) in paragraph at lines 200--206
[]\T1/aer/m/n/12 Daniel Cook.  The che-mistry of game-design.
 []


Overfull \hbox (90.23062pt too wide) in paragraph at lines 200--206
[][][][][][]\T1/aer/m/n/12 ,
 []

Package babel Info: Redefining ngerman shorthand "|
(babel)             in language  on input line 206.
Package babel Info: Redefining ngerman shorthand "~
(babel)             in language  on input line 206.
Package babel Info: Redefining ngerman shorthand "|
(babel)             in language  on input line 206.
Package babel Info: Redefining ngerman shorthand "~
(babel)             in language  on input line 206.
[44])
Package atveryend Info: Empty hook `BeforeClearDocument' on input line 807.
Package babel Info: Redefining ngerman shorthand "|
(babel)             in language  on input line 807.
Package babel Info: Redefining ngerman shorthand "~
(babel)             in language  on input line 807.
Package babel Info: Redefining ngerman shorthand "|
(babel)             in language  on input line 807.
Package babel Info: Redefining ngerman shorthand "~
(babel)             in language  on input line 807.
 [45]
Package atveryend Info: Empty hook `AfterLastShipout' on input line 807.
 (./Masterthesis.aux)
Package atveryend Info: Empty hook `AtVeryEndDocument' on input line 807.
Package atveryend Info: Executing hook `AtEndAfterFileList' on input line 807.
Package rerunfilecheck Info: File `Masterthesis.out' has not changed.
(rerunfilecheck)             Checksum: 764F050558435D25FD9065384AD04580;3290.


LaTeX Warning: There were undefined references.


LaTeX Warning: Label(s) may have changed. Rerun to get cross-references right.

 ) 
Here is how much of TeX's memory you used:
 10399 strings out of 492996
 160844 string characters out of 6132729
 381803 words of memory out of 5000000
 13756 multiletter control sequences out of 15000+600000
 43673 words of font info for 49 fonts, out of 8000000 for 9000
 1141 hyphenation exceptions out of 8191
 42i,11n,51p,8850b,520s stack positions out of 5000i,500n,10000p,200000b,80000s

Output written on Masterthesis.dvi (45 pages, 254252 bytes).
