\BOOKMARK [1][-]{section.1}{Aufgabenbeschreibung}{}% 1
\BOOKMARK [2][-]{subsection.1.1}{Ablauf des Staffelessen}{section.1}% 2
\BOOKMARK [2][-]{subsection.1.2}{Aufgaben der Webanwendung}{section.1}% 3
\BOOKMARK [3][-]{subsubsection.1.2.1}{Anmeldung der Teilnehmer}{subsection.1.2}% 4
\BOOKMARK [3][-]{subsubsection.1.2.2}{Zuordnung der Teilnehmer}{subsection.1.2}% 5
\BOOKMARK [2][-]{subsection.1.3}{Ziel der Webanwendung}{section.1}% 6
\BOOKMARK [1][-]{section.2}{Grundlagen}{}% 7
\BOOKMARK [2][-]{subsection.2.1}{Begriffsdefinition}{section.2}% 8
\BOOKMARK [2][-]{subsection.2.2}{Technologien}{section.2}% 9
\BOOKMARK [3][-]{subsubsection.2.2.1}{PHP}{subsection.2.2}% 10
\BOOKMARK [3][-]{subsubsection.2.2.2}{HTML}{subsection.2.2}% 11
\BOOKMARK [3][-]{subsubsection.2.2.3}{MySQL}{subsection.2.2}% 12
\BOOKMARK [3][-]{subsubsection.2.2.4}{jQuery}{subsection.2.2}% 13
\BOOKMARK [3][-]{subsubsection.2.2.5}{Bootstrap 3.0}{subsection.2.2}% 14
\BOOKMARK [2][-]{subsection.2.3}{SCRUM}{section.2}% 15
\BOOKMARK [3][-]{subsubsection.2.3.1}{SCRUM-Rollen}{subsection.2.3}% 16
\BOOKMARK [3][-]{subsubsection.2.3.2}{Der Ablauf eines SCRUM-Prozesses}{subsection.2.3}% 17
\BOOKMARK [1][-]{section.3}{Anforderungsanalyse}{}% 18
\BOOKMARK [2][-]{subsection.3.1}{Fachliche Anforderungen}{section.3}% 19
\BOOKMARK [2][-]{subsection.3.2}{Nichtfachliche Anforderungen}{section.3}% 20
\BOOKMARK [2][-]{subsection.3.3}{Use Cases}{section.3}% 21
\BOOKMARK [3][-]{subsubsection.3.3.1}{Beschreibung der Use Cases}{subsection.3.3}% 22
\BOOKMARK [1][-]{section.4}{Konzept}{}% 23
\BOOKMARK [2][-]{subsection.4.1}{Beschreibung der Teilnehmer-Zuordnung}{section.4}% 24
\BOOKMARK [3][-]{subsubsection.4.1.1}{Zuordnungskriterien}{subsection.4.1}% 25
\BOOKMARK [3][-]{subsubsection.4.1.2}{Problemstellung Teilnehmer-Zuordnung}{subsection.4.1}% 26
\BOOKMARK [3][-]{subsubsection.4.1.3}{Konzeptioneller Entwurf der Teilnehmer-Zuordnung}{subsection.4.1}% 27
\BOOKMARK [3][-]{subsubsection.4.1.4}{Prozess: Teilnehmer-Verteilung}{subsection.4.1}% 28
\BOOKMARK [3][-]{subsubsection.4.1.5}{Prozess: Gerichte-Verteilung}{subsection.4.1}% 29
\BOOKMARK [3][-]{subsubsection.4.1.6}{Prozess: G\344ste hinzuf\374gen}{subsection.4.1}% 30
\BOOKMARK [3][-]{subsubsection.4.1.7}{Prozess: Vegetarier-Verteilung}{subsection.4.1}% 31
\BOOKMARK [3][-]{subsubsection.4.1.8}{Prozess: Teilnehmer-Zeit\374berwachung}{subsection.4.1}% 32
\BOOKMARK [2][-]{subsection.4.2}{Beschreibung der Teilnehmer-Anmeldung}{section.4}% 33
\BOOKMARK [3][-]{subsubsection.4.2.1}{Prozess: Teilnehmer-Informationen erfassen}{subsection.4.2}% 34
\BOOKMARK [3][-]{subsubsection.4.2.2}{Prozess: Geodaten-Ermittlung}{subsection.4.2}% 35
\BOOKMARK [3][-]{subsubsection.4.2.3}{Prozess: Fahrdistanz-Berechnung}{subsection.4.2}% 36
\BOOKMARK [3][-]{subsubsection.4.2.4}{Anmerkungen zur Teilnehmer-Anmeldung}{subsection.4.2}% 37
\BOOKMARK [2][-]{subsection.4.3}{Beschreibung Instruktionen drucken}{section.4}% 38
\BOOKMARK [3][-]{subsubsection.4.3.1}{Aufbau der Instruktionen}{subsection.4.3}% 39
\BOOKMARK [3][-]{subsubsection.4.3.2}{Anmerkungen zum Use Case Instruktionen drucken}{subsection.4.3}% 40
\BOOKMARK [2][-]{subsection.4.4}{Teilnehmer-Editierung}{section.4}% 41
\BOOKMARK [3][-]{subsubsection.4.4.1}{Darstellung der Teilnehmer-Editierung}{subsection.4.4}% 42
\BOOKMARK [3][-]{subsubsection.4.4.2}{Manipulation der Datenbank}{subsection.4.4}% 43
\BOOKMARK [3][-]{subsubsection.4.4.3}{\304nderungen der Datenbank festhalten und Ausgeben}{subsection.4.4}% 44
\BOOKMARK [1][-]{section.5}{Screendesign}{}% 45
\BOOKMARK [2][-]{subsection.5.1}{Allgemeines Seiten-Layout}{section.5}% 46
\BOOKMARK [3][-]{subsubsection.5.1.1}{Strukturieren der Unterseiten}{subsection.5.1}% 47
\BOOKMARK [2][-]{subsection.5.2}{Die Sitemap}{section.5}% 48
\BOOKMARK [3][-]{subsubsection.5.2.1}{Use Cases und Anforderungen in der Sitemap}{subsection.5.2}% 49
\BOOKMARK [3][-]{subsubsection.5.2.2}{Startseite}{subsection.5.2}% 50
\BOOKMARK [3][-]{subsubsection.5.2.3}{Administrator Login}{subsection.5.2}% 51
\BOOKMARK [3][-]{subsubsection.5.2.4}{Admin Funktion 1: G\344steliste generieren}{subsection.5.2}% 52
\BOOKMARK [3][-]{subsubsection.5.2.5}{Admin Funktion 2: G\344steliste ansehen}{subsection.5.2}% 53
\BOOKMARK [3][-]{subsubsection.5.2.6}{Admin Funktion 3: Teilnehmer-Editierung}{subsection.5.2}% 54
\BOOKMARK [2][-]{subsection.5.3}{Responsive-Design}{section.5}% 55
\BOOKMARK [3][-]{subsubsection.5.3.1}{Grundlagen des Responsive-Design}{subsection.5.3}% 56
\BOOKMARK [1][-]{section.6}{Implementierung}{}% 57
\BOOKMARK [2][-]{subsection.6.1}{System Architektur}{section.6}% 58
\BOOKMARK [2][-]{subsection.6.2}{Implementierung des Konzeptes}{section.6}% 59
\BOOKMARK [3][-]{subsubsection.6.2.1}{Struktur des Skriptes}{subsection.6.2}% 60
\BOOKMARK [3][-]{subsubsection.6.2.2}{Die Klassen GruppenZuweiser, Gruppe und Gast}{subsection.6.2}% 61
\BOOKMARK [2][-]{subsection.6.3}{Datenbank Struktur}{section.6}% 62
\BOOKMARK [3][-]{subsubsection.6.3.1}{Datenbank Tabellen}{subsection.6.3}% 63
\BOOKMARK [1][-]{section.7}{Fazit}{}% 64
\BOOKMARK [1][-]{section.8}{Ausblick}{}% 65
\BOOKMARK [2][-]{subsection.8.1}{Features}{section.8}% 66
\BOOKMARK [2][-]{subsection.8.2}{Architektur}{section.8}% 67
